[+] Containers:
 |- [+] Container: /Game/FirstPerson/Maps/FirstPersonMap
 |   |- [+] ActorDescs:
 |   |   |- Guid:0B56A8354CE1912D2A41648D6508890E BaseClass:/Game/Assets/props/Pickupables/Meat_Cube.Meat_Cube_C NativeClass:/Script/Engine.Actor Name:Meat_Cube_C_UAID_00D861C8244AF57701_1847625957 Label:Meat_Cube2 SpatiallyLoaded:1 Bounds:IsValid=true, Min=(X=1437.069 Y=1917.069 Z=-7.573), Max=(X=1458.931 Y=1938.931 Z=8.907) RuntimeGrid:None EditorOnly:0 RuntimeOnly:0 HLODRelevant:0
 |   |   |- Guid:133555FA4DAB2404C5E8EB88AF4DDF3F BaseClass:/Game/Assets/props/Pickupables/Crate.Crate_C NativeClass:/Script/Engine.Actor Name:Crate_C_UAID_00D861C8244AD67701_1521865491 Label:Crate3 SpatiallyLoaded:1 Bounds:IsValid=true, Min=(X=1263.840 Y=1894.560 Z=-4.720), Max=(X=1316.160 Y=1945.440 Z=44.720) RuntimeGrid:None EditorOnly:0 RuntimeOnly:0 HLODRelevant:0
 |   |   |- Guid:22CB45B6436395A3A89C6E81E57758C7 BaseClass: NativeClass:/Script/Engine.StaticMeshActor Name:StaticMeshActor_UAID_00D861C8244AC07801_1219264671 Label:EmployeeGameDoor SpatiallyLoaded:1 Bounds:IsValid=true, Min=(X=3016.892 Y=1683.300 Z=0.677), Max=(X=3103.108 Y=2096.700 Z=382.277) RuntimeGrid:None EditorOnly:0 RuntimeOnly:0 HLODRelevant:1
 |   |   |- Guid:23922DDD416D9D491A5453BD37545386 BaseClass: NativeClass:/Script/Engine.SpotLight Name:SpotLight_UAID_00D861C8244A957501_1977928937 Label:SpotLight SpatiallyLoaded:1 Bounds:IsValid=true, Min=(X=480.670 Y=910.670 Z=-1038.660), Max=(X=2459.330 Y=2889.330 Z=940.000) RuntimeGrid:None EditorOnly:0 RuntimeOnly:0 HLODRelevant:0
 |   |   |- Guid:32481C584473E576A02E0799966A18C8 BaseClass: NativeClass:/Script/Engine.StaticMeshActor Name:StaticMeshActor_UAID_00D861C8244A457801_1156692036 Label:SM_Cube7 SpatiallyLoaded:1 Bounds:IsValid=true, Min=(X=0.000 Y=0.000 Z=-43.000), Max=(X=3000.000 Y=3500.000 Z=7.000) RuntimeGrid:None EditorOnly:0 RuntimeOnly:0 HLODRelevant:1 FolderPath:Playground FolderGuid:6C02BB504B69D1F3D7A624B130C18E5B
 |   |   |- Guid:3AFB7962400DE8FEFF422FB078166767 BaseClass: NativeClass:/Script/Engine.StaticMeshActor Name:StaticMeshActor_UAID_00D861C8244A9D7701_1771726458 Label:MainMonitor_Crate2 SpatiallyLoaded:1 Bounds:IsValid=true, Min=(X=1150.000 Y=1510.000 Z=20.000), Max=(X=1150.000 Y=1510.000 Z=20.000) RuntimeGrid:None EditorOnly:0 RuntimeOnly:0 HLODRelevant:0
 |   |   |- Guid:4316053E4FD0528F922495A3F143D01E BaseClass:/Game/Assets/props/Pickupables/Crate.Crate_C NativeClass:/Script/Engine.Actor Name:Crate_C_UAID_00D861C8244ABE7801_1730260336 Label:Crate4 SpatiallyLoaded:1 Bounds:IsValid=true, Min=(X=1263.840 Y=1594.560 Z=-4.720), Max=(X=1316.160 Y=1645.440 Z=44.720) RuntimeGrid:None EditorOnly:0 RuntimeOnly:0 HLODRelevant:0
 |   |   |- Guid:47D04DD546F6F7D6D23B34A31F497E1F BaseClass: NativeClass:/Script/Engine.StaticMeshActor Name:StaticMeshActor_UAID_00D861C8244A957501_1599911935 Label:SM_Cube4 SpatiallyLoaded:1 Bounds:IsValid=true, Min=(X=0.000 Y=0.000 Z=1450.000), Max=(X=3000.000 Y=3500.000 Z=1500.000) RuntimeGrid:None EditorOnly:0 RuntimeOnly:0 HLODRelevant:1 FolderPath:Playground FolderGuid:6C02BB504B69D1F3D7A624B130C18E5B
 |   |   |- Guid:54769DE1455FAAF4B5F9B98755F0639F BaseClass:/Game/Assets/props/Pickupables/Crate.Crate_C NativeClass:/Script/Engine.Actor Name:Crate_C_UAID_00D861C8244AD67701_1525741493 Label:Crate5 SpatiallyLoaded:1 Bounds:IsValid=true, Min=(X=1263.840 Y=2157.560 Z=-4.720), Max=(X=1316.160 Y=2208.440 Z=44.720) RuntimeGrid:None EditorOnly:0 RuntimeOnly:0 HLODRelevant:0
 |   |   |- Guid:5FE7584649BB6F09265329A6C57CFD0D BaseClass: NativeClass:/Script/Engine.VolumetricCloud Name:VolumetricCloud_0 Label:VolumetricCloud SpatiallyLoaded:0 Bounds:IsValid=true, Min=(X=0.000 Y=0.000 Z=820.000), Max=(X=0.000 Y=0.000 Z=820.000) RuntimeGrid:None EditorOnly:0 RuntimeOnly:0 HLODRelevant:0 FolderPath:Lighting FolderGuid:0BA5F0A04EADB18E70D5B180D08FA34B
 |   |   |- Guid:61391D344900612A77DFC3BA3E354907 BaseClass: NativeClass:/Script/Engine.ExponentialHeightFog Name:ExponentialHeightFog_0 Label:ExponentialHeightFog SpatiallyLoaded:0 Bounds:IsValid=true, Min=(X=-5600.000 Y=-50.000 Z=-6850.000), Max=(X=-5600.000 Y=-50.000 Z=-6850.000) RuntimeGrid:None EditorOnly:0 RuntimeOnly:0 HLODRelevant:0 FolderPath:Lighting FolderGuid:0BA5F0A04EADB18E70D5B180D08FA34B
 |   |   |- Guid:6397154E42A2EB78480FB89E6FA0F14D BaseClass:/Game/Assets/props/Pickupables/Crate.Crate_C NativeClass:/Script/Engine.Actor Name:Crate_C_UAID_00D861C8244AD67701_1520403490 Label:Crate2 SpatiallyLoaded:1 Bounds:IsValid=true, Min=(X=1263.840 Y=2047.560 Z=-4.720), Max=(X=1316.160 Y=2098.440 Z=44.720) RuntimeGrid:None EditorOnly:0 RuntimeOnly:0 HLODRelevant:0
 |   |   |- Guid:67D4085F4E3A20960746529DBC6BE417 BaseClass:/Game/Assets/props/Pickupables/Meat_Cube.Meat_Cube_C NativeClass:/Script/Engine.Actor Name:Meat_Cube_C_UAID_00D861C8244AF27701_1827811428 Label:Meat_Cube SpatiallyLoaded:1 Bounds:IsValid=true, Min=(X=1437.069 Y=1961.069 Z=-7.573), Max=(X=1458.931 Y=1982.931 Z=8.907) RuntimeGrid:None EditorOnly:0 RuntimeOnly:0 HLODRelevant:0
 |   |   |- Guid:6FEFB3BD4EB37B849EF0D4AC80F83855 BaseClass: NativeClass:/Script/Engine.WorldDataLayers Name:WorldDataLayers Label:WorldDataLayers SpatiallyLoaded:0 Bounds:IsValid=true, Min=(X=0.000 Y=0.000 Z=0.000), Max=(X=0.000 Y=0.000 Z=0.000) RuntimeGrid:None EditorOnly:0 RuntimeOnly:0 HLODRelevant:0
 |   |   |- Guid:727FB8C147341C125F802B896202C612 BaseClass:/Game/Assets/props/MonitorTexts/MainMonitors.MainMonitors_C NativeClass:/Script/Engine.Actor Name:MainMonitors_C_UAID_00D861C8244AA17701_1176464168 Label:MainMonitors SpatiallyLoaded:1 Bounds:IsValid=true, Min=(X=795.102 Y=74.097 Z=545.102), Max=(X=944.898 Y=118.066 Z=694.898) RuntimeGrid:None EditorOnly:0 RuntimeOnly:0 HLODRelevant:0
 |   |   |- Guid:77ABCF24425E2AC3D9DE3996335518B3 BaseClass: NativeClass:/Script/Engine.PointLight Name:PointLight_UAID_00D861C8244A957501_1865061936 Label:PointLight SpatiallyLoaded:1 Bounds:IsValid=true, Min=(X=670.151 Y=1120.151 Z=-289.849), Max=(X=1629.849 Y=2079.849 Z=669.849) RuntimeGrid:None EditorOnly:0 RuntimeOnly:0 HLODRelevant:0
 |   |   |- Guid:80FA4F6447C9F26D101354B5D91DFD1E BaseClass:/Game/Assets/props/Pickupables/Crate.Crate_C NativeClass:/Script/Engine.Actor Name:Crate_C_UAID_00D861C8244ABE7801_1732582337 Label:Crate6 SpatiallyLoaded:1 Bounds:IsValid=true, Min=(X=1263.840 Y=1714.560 Z=-4.720), Max=(X=1316.160 Y=1765.440 Z=44.720) RuntimeGrid:None EditorOnly:0 RuntimeOnly:0 HLODRelevant:0
 |   |   |- Guid:8559D1384B14F466E8927697A36C1D78 BaseClass: NativeClass:/Script/Engine.StaticMeshActor Name:StaticMeshActor_9 Label:SM_Cube5 SpatiallyLoaded:1 Bounds:IsValid=true, Min=(X=-0.000 Y=100.000 Z=0.000), Max=(X=100.000 Y=3400.000 Z=1500.000) RuntimeGrid:None EditorOnly:0 RuntimeOnly:0 HLODRelevant:0 FolderPath:Playground FolderGuid:6C02BB504B69D1F3D7A624B130C18E5B
 |   |   |- Guid:8F3B142D4D4BC9F4E1F528AF531EAF26 BaseClass:/Game/Assets/props/Pickupables/CrateHandIn.CrateHandIn_C NativeClass:/Script/Engine.Actor Name:CrateHandIn_C_UAID_00D861C8244A307801_1913946328 Label:CrateHandIn SpatiallyLoaded:1 Bounds:IsValid=true, Min=(X=1560.000 Y=1899.000 Z=0.000), Max=(X=1624.000 Y=1963.000 Z=64.000) RuntimeGrid:None EditorOnly:0 RuntimeOnly:0 HLODRelevant:0
 |   |   |- Guid:90B7B8D3420C2EABA931D3A6A69DF696 BaseClass: NativeClass:/Script/Engine.StaticMeshActor Name:StaticMeshActor_3 Label:SM_Cube2 SpatiallyLoaded:1 Bounds:IsValid=true, Min=(X=0.000 Y=0.000 Z=0.000), Max=(X=3000.000 Y=100.000 Z=1500.000) RuntimeGrid:None EditorOnly:0 RuntimeOnly:0 HLODRelevant:1 FolderPath:Playground FolderGuid:6C02BB504B69D1F3D7A624B130C18E5B
 |   |   |- Guid:9828BA774D7E3D9E449EAD847D1C3DFE BaseClass:/Game/Assets/props/Pickupables/Crate.Crate_C NativeClass:/Script/Engine.Actor Name:Crate_C_UAID_00D861C8244AC47701_1411281320 Label:Crate SpatiallyLoaded:1 Bounds:IsValid=true, Min=(X=1263.840 Y=1974.560 Z=-4.720), Max=(X=1316.160 Y=2025.440 Z=44.720) RuntimeGrid:None EditorOnly:0 RuntimeOnly:0 HLODRelevant:0
 |   |   |- Guid:9C2FF5F64BD3972BE499C0961362CFFE BaseClass:/Game/Assets/props/Hallway.Hallway_C NativeClass:/Script/Engine.Actor Name:Hallway_C_UAID_00D861C8244AC27801_1915571025 Label:Hallway SpatiallyLoaded:1 Bounds:IsValid=true, Min=(X=2966.400 Y=1628.000 Z=-50.890), Max=(X=5973.600 Y=2152.000 Z=430.859) RuntimeGrid:None EditorOnly:0 RuntimeOnly:0 HLODRelevant:0
 |   |   |- Guid:A097DE6547AF479D3777FB9DA42C7BA6 BaseClass:/Game/Assets/props/Pickupables/ButtonBase.ButtonBase_C NativeClass:/Script/Engine.Actor Name:ButtonBase_C_UAID_00D861C8244A647801_1766169479 Label:ButtonBase SpatiallyLoaded:1 Bounds:IsValid=true, Min=(X=2021.000 Y=92.000 Z=159.000), Max=(X=2037.000 Y=108.000 Z=175.000) RuntimeGrid:None EditorOnly:0 RuntimeOnly:0 HLODRelevant:0
 |   |   |- Guid:A354B1B24E617A525DC6B48CCDE2417E BaseClass: NativeClass:/Script/Engine.PlayerStart Name:PlayerStart_0 Label:PlayerStart SpatiallyLoaded:0 Bounds:IsValid=true, Min=(X=860.000 Y=810.000 Z=848.013), Max=(X=940.000 Y=890.000 Z=1032.013) RuntimeGrid:None EditorOnly:0 RuntimeOnly:0 HLODRelevant:0
 |   |   |- Guid:B76467D94429F5FEE300D29980729C17 BaseClass: NativeClass:/Script/Engine.StaticMeshActor Name:StaticMeshActor_UAID_00D861C8244A9D7701_1929183459 Label:MainMonitorTEst SpatiallyLoaded:1 Bounds:IsValid=true, Min=(X=1240.000 Y=1280.000 Z=0.000), Max=(X=1240.000 Y=1280.000 Z=0.000) RuntimeGrid:None EditorOnly:0 RuntimeOnly:0 HLODRelevant:0
 |   |   |- Guid:C0C56B9644AE3D40CAFF6A878DB29844 BaseClass: NativeClass:/Script/Engine.StaticMeshActor Name:StaticMeshActor_UAID_A4AE111137DC5EFB00_2001720423 Label:SM_SkySphere SpatiallyLoaded:0 Bounds:IsValid=true, Min=(X=-1638400.000 Y=-1638400.000 Z=-1638400.000), Max=(X=1638400.000 Y=1638400.000 Z=1638400.000) RuntimeGrid:None EditorOnly:0 RuntimeOnly:0 HLODRelevant:1 FolderPath:Lighting FolderGuid:0BA5F0A04EADB18E70D5B180D08FA34B
 |   |   |- Guid:C13C90614FC114FE5387EB8C5F2F729C BaseClass: NativeClass:/Script/Engine.StaticMeshActor Name:StaticMeshActor_UAID_00D861C8244AB57801_1514089739 Label:SM_Cube8 SpatiallyLoaded:1 Bounds:IsValid=true, Min=(X=3000.000 Y=1690.000 Z=-43.000), Max=(X=6000.000 Y=2100.500 Z=7.000) RuntimeGrid:None EditorOnly:0 RuntimeOnly:0 HLODRelevant:1 FolderPath:Playground FolderGuid:6C02BB504B69D1F3D7A624B130C18E5B
 |   |   |- Guid:C22CE07C4B87D685137FDBBC10FC92C6 BaseClass: NativeClass:/Script/Engine.SkyAtmosphere Name:SkyAtmosphere_0 Label:SkyAtmosphere SpatiallyLoaded:0 Bounds:IsValid=true, Min=(X=0.000 Y=0.000 Z=1020.000), Max=(X=0.000 Y=0.000 Z=1020.000) RuntimeGrid:None EditorOnly:0 RuntimeOnly:0 HLODRelevant:0 FolderPath:Lighting FolderGuid:0BA5F0A04EADB18E70D5B180D08FA34B
 |   |   |- Guid:C6584F7A482C42A8EA0499BFB1B73BEE BaseClass: NativeClass:/Script/Engine.StaticMeshActor Name:StaticMeshActor_UAID_00D861C8244A427801_1685148499 Label:EmployeeGameFloor_Main_level_Floor SpatiallyLoaded:1 Bounds:IsValid=true, Min=(X=1203.000 Y=1824.000 Z=0.000), Max=(X=1203.000 Y=1824.000 Z=0.000) RuntimeGrid:None EditorOnly:0 RuntimeOnly:0 HLODRelevant:0
 |   |   |- Guid:C9932D4546DC4663C529DD8CB0364C6A BaseClass:/Game/Assets/props/MonitorTexts/MainMonitors.MainMonitors_C NativeClass:/Script/Engine.Actor Name:MainMonitors_C_UAID_00D861C8244AA17701_1179303170 Label:MainMonitors3 SpatiallyLoaded:1 Bounds:IsValid=true, Min=(X=1955.102 Y=74.097 Z=415.102), Max=(X=2104.898 Y=118.066 Z=564.898) RuntimeGrid:None EditorOnly:0 RuntimeOnly:0 HLODRelevant:0
 |   |   |- Guid:CC17297249B5717FDB92BD8979C81BA0 BaseClass: NativeClass:/Script/Engine.StaticMeshActor Name:StaticMeshActor_UAID_00D861C8244A427801_1662533498 Label:EmployeeGameFloor_Back_Room_Floor SpatiallyLoaded:1 Bounds:IsValid=true, Min=(X=1203.000 Y=1824.000 Z=0.000), Max=(X=1203.000 Y=1824.000 Z=0.000) RuntimeGrid:None EditorOnly:0 RuntimeOnly:0 HLODRelevant:0
 |   |   |- Guid:CE8D82634660FCDB3120E2B8D547C533 BaseClass: NativeClass:/Script/Engine.PostProcessVolume Name:PostProcessVolume_0 Label:PostProcessVolume SpatiallyLoaded:0 Bounds:IsValid=true, Min=(X=0.000 Y=0.000 Z=400.000), Max=(X=200.000 Y=200.000 Z=600.000) RuntimeGrid:None EditorOnly:0 RuntimeOnly:0 HLODRelevant:0 FolderPath:Lighting FolderGuid:0BA5F0A04EADB18E70D5B180D08FA34B
 |   |   |- Guid:DEC715C845A93EA40D47CDA792259BCC BaseClass:/Game/Assets/props/MonitorTexts/MainMonitors.MainMonitors_C NativeClass:/Script/Engine.Actor Name:MainMonitors_C_UAID_00D861C8244AA17701_1177832169 Label:MainMonitors2 SpatiallyLoaded:1 Bounds:IsValid=true, Min=(X=1465.102 Y=74.097 Z=775.102), Max=(X=1614.898 Y=118.066 Z=924.898) RuntimeGrid:None EditorOnly:0 RuntimeOnly:0 HLODRelevant:0
 |   |   |- Guid:E5320C1B4FD9764CE7B54D8487AEC613 BaseClass: NativeClass:/Script/Engine.SkyLight Name:SkyLight_0 Label:SkyLight SpatiallyLoaded:0 Bounds:IsValid=true, Min=(X=0.000 Y=0.000 Z=690.000), Max=(X=0.000 Y=0.000 Z=690.000) RuntimeGrid:None EditorOnly:0 RuntimeOnly:0 HLODRelevant:0 FolderPath:Lighting FolderGuid:0BA5F0A04EADB18E70D5B180D08FA34B
 |   |   |- Guid:ED27C6DC4989D4FA0BD13FAA06104A56 BaseClass: NativeClass:/Script/Engine.StaticMeshActor Name:StaticMeshActor_UAID_00D861C8244ABF7801_1600507525 Label:EmployeeGameHallway SpatiallyLoaded:1 Bounds:IsValid=true, Min=(X=2920.000 Y=1580.000 Z=120.000), Max=(X=2920.000 Y=1580.000 Z=120.000) RuntimeGrid:None EditorOnly:0 RuntimeOnly:0 HLODRelevant:0
 |   |   |- Guid:F07F1AF64C7C7C238EE1B4BF8C122DD8 BaseClass: NativeClass:/Script/Engine.StaticMeshActor Name:StaticMeshActor_4 Label:SM_Cube3 SpatiallyLoaded:1 Bounds:IsValid=true, Min=(X=0.000 Y=3400.000 Z=0.000), Max=(X=3000.000 Y=3500.000 Z=1500.000) RuntimeGrid:None EditorOnly:0 RuntimeOnly:0 HLODRelevant:1 FolderPath:Playground FolderGuid:6C02BB504B69D1F3D7A624B130C18E5B
 |   |   |- Guid:F1E9FC6E400BEC6FD041408A377824BF BaseClass:/Game/Assets/props/Pickupables/Meat_Cube.Meat_Cube_C NativeClass:/Script/Engine.Actor Name:Meat_Cube_C_UAID_00D861C8244AF57701_1855246958 Label:Meat_Cube3 SpatiallyLoaded:1 Bounds:IsValid=true, Min=(X=1437.069 Y=1889.069 Z=-7.573), Max=(X=1458.931 Y=1910.931 Z=8.907) RuntimeGrid:None EditorOnly:0 RuntimeOnly:0 HLODRelevant:0
 |   |   |- Guid:F63B745C4DB80D3569FF9285BA7E52F6 BaseClass:/Game/Assets/props/Pickupables/ButtonBase.ButtonBase_C NativeClass:/Script/Engine.Actor Name:ButtonBase_C_UAID_00D861C8244A6E7801_1770784241 Label:ButtonBase3 SpatiallyLoaded:1 Bounds:IsValid=true, Min=(X=1827.000 Y=92.000 Z=159.000), Max=(X=1843.000 Y=108.000 Z=175.000) RuntimeGrid:None EditorOnly:0 RuntimeOnly:0 HLODRelevant:0
 |   |   |- Guid:F80621C9446867154938FE81375207DA BaseClass: NativeClass:/Script/Engine.DirectionalLight Name:DirectionalLight_1 Label:DirectionalLight SpatiallyLoaded:0 Bounds:IsValid=true, Min=(X=-1048576.000 Y=-1048576.000 Z=-1048576.000), Max=(X=1048576.000 Y=1048576.000 Z=1048576.000) RuntimeGrid:None EditorOnly:0 RuntimeOnly:0 HLODRelevant:0 FolderPath:Lighting FolderGuid:0BA5F0A04EADB18E70D5B180D08FA34B
 |   |- [+] Clusters:
 |   |   |- [+] [  0]
 |   |   |   |- Guid:3AFB7962400DE8FEFF422FB078166767 BaseClass: NativeClass:/Script/Engine.StaticMeshActor Name:StaticMeshActor_UAID_00D861C8244A9D7701_1771726458 Label:MainMonitor_Crate2 SpatiallyLoaded:1 Bounds:IsValid=true, Min=(X=1150.000 Y=1510.000 Z=20.000), Max=(X=1150.000 Y=1510.000 Z=20.000) RuntimeGrid:None EditorOnly:0 RuntimeOnly:0 HLODRelevant:0
 |   |   |- [+] [  1]
 |   |   |   |- Guid:9C2FF5F64BD3972BE499C0961362CFFE BaseClass:/Game/Assets/props/Hallway.Hallway_C NativeClass:/Script/Engine.Actor Name:Hallway_C_UAID_00D861C8244AC27801_1915571025 Label:Hallway SpatiallyLoaded:1 Bounds:IsValid=true, Min=(X=2966.400 Y=1628.000 Z=-50.890), Max=(X=5973.600 Y=2152.000 Z=430.859) RuntimeGrid:None EditorOnly:0 RuntimeOnly:0 HLODRelevant:0
 |   |   |- [+] [  2]
 |   |   |   |- Guid:61391D344900612A77DFC3BA3E354907 BaseClass: NativeClass:/Script/Engine.ExponentialHeightFog Name:ExponentialHeightFog_0 Label:ExponentialHeightFog SpatiallyLoaded:0 Bounds:IsValid=true, Min=(X=-5600.000 Y=-50.000 Z=-6850.000), Max=(X=-5600.000 Y=-50.000 Z=-6850.000) RuntimeGrid:None EditorOnly:0 RuntimeOnly:0 HLODRelevant:0 FolderPath:Lighting FolderGuid:0BA5F0A04EADB18E70D5B180D08FA34B
 |   |   |- [+] [  3]
 |   |   |   |- Guid:5FE7584649BB6F09265329A6C57CFD0D BaseClass: NativeClass:/Script/Engine.VolumetricCloud Name:VolumetricCloud_0 Label:VolumetricCloud SpatiallyLoaded:0 Bounds:IsValid=true, Min=(X=0.000 Y=0.000 Z=820.000), Max=(X=0.000 Y=0.000 Z=820.000) RuntimeGrid:None EditorOnly:0 RuntimeOnly:0 HLODRelevant:0 FolderPath:Lighting FolderGuid:0BA5F0A04EADB18E70D5B180D08FA34B
 |   |   |- [+] [  4]
 |   |   |   |- Guid:F80621C9446867154938FE81375207DA BaseClass: NativeClass:/Script/Engine.DirectionalLight Name:DirectionalLight_1 Label:DirectionalLight SpatiallyLoaded:0 Bounds:IsValid=true, Min=(X=-1048576.000 Y=-1048576.000 Z=-1048576.000), Max=(X=1048576.000 Y=1048576.000 Z=1048576.000) RuntimeGrid:None EditorOnly:0 RuntimeOnly:0 HLODRelevant:0 FolderPath:Lighting FolderGuid:0BA5F0A04EADB18E70D5B180D08FA34B
 |   |   |- [+] [  5]
 |   |   |   |- Guid:67D4085F4E3A20960746529DBC6BE417 BaseClass:/Game/Assets/props/Pickupables/Meat_Cube.Meat_Cube_C NativeClass:/Script/Engine.Actor Name:Meat_Cube_C_UAID_00D861C8244AF27701_1827811428 Label:Meat_Cube SpatiallyLoaded:1 Bounds:IsValid=true, Min=(X=1437.069 Y=1961.069 Z=-7.573), Max=(X=1458.931 Y=1982.931 Z=8.907) RuntimeGrid:None EditorOnly:0 RuntimeOnly:0 HLODRelevant:0
 |   |   |- [+] [  6]
 |   |   |   |- Guid:8F3B142D4D4BC9F4E1F528AF531EAF26 BaseClass:/Game/Assets/props/Pickupables/CrateHandIn.CrateHandIn_C NativeClass:/Script/Engine.Actor Name:CrateHandIn_C_UAID_00D861C8244A307801_1913946328 Label:CrateHandIn SpatiallyLoaded:1 Bounds:IsValid=true, Min=(X=1560.000 Y=1899.000 Z=0.000), Max=(X=1624.000 Y=1963.000 Z=64.000) RuntimeGrid:None EditorOnly:0 RuntimeOnly:0 HLODRelevant:0
 |   |   |- [+] [  7]
 |   |   |   |- Guid:F1E9FC6E400BEC6FD041408A377824BF BaseClass:/Game/Assets/props/Pickupables/Meat_Cube.Meat_Cube_C NativeClass:/Script/Engine.Actor Name:Meat_Cube_C_UAID_00D861C8244AF57701_1855246958 Label:Meat_Cube3 SpatiallyLoaded:1 Bounds:IsValid=true, Min=(X=1437.069 Y=1889.069 Z=-7.573), Max=(X=1458.931 Y=1910.931 Z=8.907) RuntimeGrid:None EditorOnly:0 RuntimeOnly:0 HLODRelevant:0
 |   |   |- [+] [  8]
 |   |   |   |- Guid:727FB8C147341C125F802B896202C612 BaseClass:/Game/Assets/props/MonitorTexts/MainMonitors.MainMonitors_C NativeClass:/Script/Engine.Actor Name:MainMonitors_C_UAID_00D861C8244AA17701_1176464168 Label:MainMonitors SpatiallyLoaded:1 Bounds:IsValid=true, Min=(X=795.102 Y=74.097 Z=545.102), Max=(X=944.898 Y=118.066 Z=694.898) RuntimeGrid:None EditorOnly:0 RuntimeOnly:0 HLODRelevant:0
 |   |   |- [+] [  9]
 |   |   |   |- Guid:DEC715C845A93EA40D47CDA792259BCC BaseClass:/Game/Assets/props/MonitorTexts/MainMonitors.MainMonitors_C NativeClass:/Script/Engine.Actor Name:MainMonitors_C_UAID_00D861C8244AA17701_1177832169 Label:MainMonitors2 SpatiallyLoaded:1 Bounds:IsValid=true, Min=(X=1465.102 Y=74.097 Z=775.102), Max=(X=1614.898 Y=118.066 Z=924.898) RuntimeGrid:None EditorOnly:0 RuntimeOnly:0 HLODRelevant:0
 |   |   |- [+] [ 10]
 |   |   |   |- Guid:47D04DD546F6F7D6D23B34A31F497E1F BaseClass: NativeClass:/Script/Engine.StaticMeshActor Name:StaticMeshActor_UAID_00D861C8244A957501_1599911935 Label:SM_Cube4 SpatiallyLoaded:1 Bounds:IsValid=true, Min=(X=0.000 Y=0.000 Z=1450.000), Max=(X=3000.000 Y=3500.000 Z=1500.000) RuntimeGrid:None EditorOnly:0 RuntimeOnly:0 HLODRelevant:1 FolderPath:Playground FolderGuid:6C02BB504B69D1F3D7A624B130C18E5B
 |   |   |- [+] [ 11]
 |   |   |   |- Guid:90B7B8D3420C2EABA931D3A6A69DF696 BaseClass: NativeClass:/Script/Engine.StaticMeshActor Name:StaticMeshActor_3 Label:SM_Cube2 SpatiallyLoaded:1 Bounds:IsValid=true, Min=(X=0.000 Y=0.000 Z=0.000), Max=(X=3000.000 Y=100.000 Z=1500.000) RuntimeGrid:None EditorOnly:0 RuntimeOnly:0 HLODRelevant:1 FolderPath:Playground FolderGuid:6C02BB504B69D1F3D7A624B130C18E5B
 |   |   |- [+] [ 12]
 |   |   |   |- Guid:54769DE1455FAAF4B5F9B98755F0639F BaseClass:/Game/Assets/props/Pickupables/Crate.Crate_C NativeClass:/Script/Engine.Actor Name:Crate_C_UAID_00D861C8244AD67701_1525741493 Label:Crate5 SpatiallyLoaded:1 Bounds:IsValid=true, Min=(X=1263.840 Y=2157.560 Z=-4.720), Max=(X=1316.160 Y=2208.440 Z=44.720) RuntimeGrid:None EditorOnly:0 RuntimeOnly:0 HLODRelevant:0
 |   |   |- [+] [ 13]
 |   |   |   |- Guid:4316053E4FD0528F922495A3F143D01E BaseClass:/Game/Assets/props/Pickupables/Crate.Crate_C NativeClass:/Script/Engine.Actor Name:Crate_C_UAID_00D861C8244ABE7801_1730260336 Label:Crate4 SpatiallyLoaded:1 Bounds:IsValid=true, Min=(X=1263.840 Y=1594.560 Z=-4.720), Max=(X=1316.160 Y=1645.440 Z=44.720) RuntimeGrid:None EditorOnly:0 RuntimeOnly:0 HLODRelevant:0
 |   |   |- [+] [ 14]
 |   |   |   |- Guid:0B56A8354CE1912D2A41648D6508890E BaseClass:/Game/Assets/props/Pickupables/Meat_Cube.Meat_Cube_C NativeClass:/Script/Engine.Actor Name:Meat_Cube_C_UAID_00D861C8244AF57701_1847625957 Label:Meat_Cube2 SpatiallyLoaded:1 Bounds:IsValid=true, Min=(X=1437.069 Y=1917.069 Z=-7.573), Max=(X=1458.931 Y=1938.931 Z=8.907) RuntimeGrid:None EditorOnly:0 RuntimeOnly:0 HLODRelevant:0
 |   |   |- [+] [ 15]
 |   |   |   |- Guid:22CB45B6436395A3A89C6E81E57758C7 BaseClass: NativeClass:/Script/Engine.StaticMeshActor Name:StaticMeshActor_UAID_00D861C8244AC07801_1219264671 Label:EmployeeGameDoor SpatiallyLoaded:1 Bounds:IsValid=true, Min=(X=3016.892 Y=1683.300 Z=0.677), Max=(X=3103.108 Y=2096.700 Z=382.277) RuntimeGrid:None EditorOnly:0 RuntimeOnly:0 HLODRelevant:1
 |   |   |- [+] [ 16]
 |   |   |   |- Guid:E5320C1B4FD9764CE7B54D8487AEC613 BaseClass: NativeClass:/Script/Engine.SkyLight Name:SkyLight_0 Label:SkyLight SpatiallyLoaded:0 Bounds:IsValid=true, Min=(X=0.000 Y=0.000 Z=690.000), Max=(X=0.000 Y=0.000 Z=690.000) RuntimeGrid:None EditorOnly:0 RuntimeOnly:0 HLODRelevant:0 FolderPath:Lighting FolderGuid:0BA5F0A04EADB18E70D5B180D08FA34B
 |   |   |- [+] [ 17]
 |   |   |   |- Guid:F07F1AF64C7C7C238EE1B4BF8C122DD8 BaseClass: NativeClass:/Script/Engine.StaticMeshActor Name:StaticMeshActor_4 Label:SM_Cube3 SpatiallyLoaded:1 Bounds:IsValid=true, Min=(X=0.000 Y=3400.000 Z=0.000), Max=(X=3000.000 Y=3500.000 Z=1500.000) RuntimeGrid:None EditorOnly:0 RuntimeOnly:0 HLODRelevant:1 FolderPath:Playground FolderGuid:6C02BB504B69D1F3D7A624B130C18E5B
 |   |   |- [+] [ 18]
 |   |   |   |- Guid:CC17297249B5717FDB92BD8979C81BA0 BaseClass: NativeClass:/Script/Engine.StaticMeshActor Name:StaticMeshActor_UAID_00D861C8244A427801_1662533498 Label:EmployeeGameFloor_Back_Room_Floor SpatiallyLoaded:1 Bounds:IsValid=true, Min=(X=1203.000 Y=1824.000 Z=0.000), Max=(X=1203.000 Y=1824.000 Z=0.000) RuntimeGrid:None EditorOnly:0 RuntimeOnly:0 HLODRelevant:0
 |   |   |- [+] [ 19]
 |   |   |   |- Guid:133555FA4DAB2404C5E8EB88AF4DDF3F BaseClass:/Game/Assets/props/Pickupables/Crate.Crate_C NativeClass:/Script/Engine.Actor Name:Crate_C_UAID_00D861C8244AD67701_1521865491 Label:Crate3 SpatiallyLoaded:1 Bounds:IsValid=true, Min=(X=1263.840 Y=1894.560 Z=-4.720), Max=(X=1316.160 Y=1945.440 Z=44.720) RuntimeGrid:None EditorOnly:0 RuntimeOnly:0 HLODRelevant:0
 |   |   |- [+] [ 20]
 |   |   |   |- Guid:A097DE6547AF479D3777FB9DA42C7BA6 BaseClass:/Game/Assets/props/Pickupables/ButtonBase.ButtonBase_C NativeClass:/Script/Engine.Actor Name:ButtonBase_C_UAID_00D861C8244A647801_1766169479 Label:ButtonBase SpatiallyLoaded:1 Bounds:IsValid=true, Min=(X=2021.000 Y=92.000 Z=159.000), Max=(X=2037.000 Y=108.000 Z=175.000) RuntimeGrid:None EditorOnly:0 RuntimeOnly:0 HLODRelevant:0
 |   |   |- [+] [ 21]
 |   |   |   |- Guid:C9932D4546DC4663C529DD8CB0364C6A BaseClass:/Game/Assets/props/MonitorTexts/MainMonitors.MainMonitors_C NativeClass:/Script/Engine.Actor Name:MainMonitors_C_UAID_00D861C8244AA17701_1179303170 Label:MainMonitors3 SpatiallyLoaded:1 Bounds:IsValid=true, Min=(X=1955.102 Y=74.097 Z=415.102), Max=(X=2104.898 Y=118.066 Z=564.898) RuntimeGrid:None EditorOnly:0 RuntimeOnly:0 HLODRelevant:0
 |   |   |- [+] [ 22]
 |   |   |   |- Guid:23922DDD416D9D491A5453BD37545386 BaseClass: NativeClass:/Script/Engine.SpotLight Name:SpotLight_UAID_00D861C8244A957501_1977928937 Label:SpotLight SpatiallyLoaded:1 Bounds:IsValid=true, Min=(X=480.670 Y=910.670 Z=-1038.660), Max=(X=2459.330 Y=2889.330 Z=940.000) RuntimeGrid:None EditorOnly:0 RuntimeOnly:0 HLODRelevant:0
 |   |   |- [+] [ 23]
 |   |   |   |- Guid:A354B1B24E617A525DC6B48CCDE2417E BaseClass: NativeClass:/Script/Engine.PlayerStart Name:PlayerStart_0 Label:PlayerStart SpatiallyLoaded:0 Bounds:IsValid=true, Min=(X=860.000 Y=810.000 Z=848.013), Max=(X=940.000 Y=890.000 Z=1032.013) RuntimeGrid:None EditorOnly:0 RuntimeOnly:0 HLODRelevant:0
 |   |   |- [+] [ 24]
 |   |   |   |- Guid:F63B745C4DB80D3569FF9285BA7E52F6 BaseClass:/Game/Assets/props/Pickupables/ButtonBase.ButtonBase_C NativeClass:/Script/Engine.Actor Name:ButtonBase_C_UAID_00D861C8244A6E7801_1770784241 Label:ButtonBase3 SpatiallyLoaded:1 Bounds:IsValid=true, Min=(X=1827.000 Y=92.000 Z=159.000), Max=(X=1843.000 Y=108.000 Z=175.000) RuntimeGrid:None EditorOnly:0 RuntimeOnly:0 HLODRelevant:0
 |   |   |- [+] [ 25]
 |   |   |   |- Guid:6397154E42A2EB78480FB89E6FA0F14D BaseClass:/Game/Assets/props/Pickupables/Crate.Crate_C NativeClass:/Script/Engine.Actor Name:Crate_C_UAID_00D861C8244AD67701_1520403490 Label:Crate2 SpatiallyLoaded:1 Bounds:IsValid=true, Min=(X=1263.840 Y=2047.560 Z=-4.720), Max=(X=1316.160 Y=2098.440 Z=44.720) RuntimeGrid:None EditorOnly:0 RuntimeOnly:0 HLODRelevant:0
 |   |   |- [+] [ 26]
 |   |   |   |- Guid:C6584F7A482C42A8EA0499BFB1B73BEE BaseClass: NativeClass:/Script/Engine.StaticMeshActor Name:StaticMeshActor_UAID_00D861C8244A427801_1685148499 Label:EmployeeGameFloor_Main_level_Floor SpatiallyLoaded:1 Bounds:IsValid=true, Min=(X=1203.000 Y=1824.000 Z=0.000), Max=(X=1203.000 Y=1824.000 Z=0.000) RuntimeGrid:None EditorOnly:0 RuntimeOnly:0 HLODRelevant:0
 |   |   |- [+] [ 27]
 |   |   |   |- Guid:32481C584473E576A02E0799966A18C8 BaseClass: NativeClass:/Script/Engine.StaticMeshActor Name:StaticMeshActor_UAID_00D861C8244A457801_1156692036 Label:SM_Cube7 SpatiallyLoaded:1 Bounds:IsValid=true, Min=(X=0.000 Y=0.000 Z=-43.000), Max=(X=3000.000 Y=3500.000 Z=7.000) RuntimeGrid:None EditorOnly:0 RuntimeOnly:0 HLODRelevant:1 FolderPath:Playground FolderGuid:6C02BB504B69D1F3D7A624B130C18E5B
 |   |   |- [+] [ 28]
 |   |   |   |- Guid:ED27C6DC4989D4FA0BD13FAA06104A56 BaseClass: NativeClass:/Script/Engine.StaticMeshActor Name:StaticMeshActor_UAID_00D861C8244ABF7801_1600507525 Label:EmployeeGameHallway SpatiallyLoaded:1 Bounds:IsValid=true, Min=(X=2920.000 Y=1580.000 Z=120.000), Max=(X=2920.000 Y=1580.000 Z=120.000) RuntimeGrid:None EditorOnly:0 RuntimeOnly:0 HLODRelevant:0
 |   |   |- [+] [ 29]
 |   |   |   |- Guid:C13C90614FC114FE5387EB8C5F2F729C BaseClass: NativeClass:/Script/Engine.StaticMeshActor Name:StaticMeshActor_UAID_00D861C8244AB57801_1514089739 Label:SM_Cube8 SpatiallyLoaded:1 Bounds:IsValid=true, Min=(X=3000.000 Y=1690.000 Z=-43.000), Max=(X=6000.000 Y=2100.500 Z=7.000) RuntimeGrid:None EditorOnly:0 RuntimeOnly:0 HLODRelevant:1 FolderPath:Playground FolderGuid:6C02BB504B69D1F3D7A624B130C18E5B
 |   |   |- [+] [ 30]
 |   |   |   |- Guid:80FA4F6447C9F26D101354B5D91DFD1E BaseClass:/Game/Assets/props/Pickupables/Crate.Crate_C NativeClass:/Script/Engine.Actor Name:Crate_C_UAID_00D861C8244ABE7801_1732582337 Label:Crate6 SpatiallyLoaded:1 Bounds:IsValid=true, Min=(X=1263.840 Y=1714.560 Z=-4.720), Max=(X=1316.160 Y=1765.440 Z=44.720) RuntimeGrid:None EditorOnly:0 RuntimeOnly:0 HLODRelevant:0
 |   |   |- [+] [ 31]
 |   |   |   |- Guid:C22CE07C4B87D685137FDBBC10FC92C6 BaseClass: NativeClass:/Script/Engine.SkyAtmosphere Name:SkyAtmosphere_0 Label:SkyAtmosphere SpatiallyLoaded:0 Bounds:IsValid=true, Min=(X=0.000 Y=0.000 Z=1020.000), Max=(X=0.000 Y=0.000 Z=1020.000) RuntimeGrid:None EditorOnly:0 RuntimeOnly:0 HLODRelevant:0 FolderPath:Lighting FolderGuid:0BA5F0A04EADB18E70D5B180D08FA34B
 |   |   |- [+] [ 32]
 |   |   |   |- Guid:77ABCF24425E2AC3D9DE3996335518B3 BaseClass: NativeClass:/Script/Engine.PointLight Name:PointLight_UAID_00D861C8244A957501_1865061936 Label:PointLight SpatiallyLoaded:1 Bounds:IsValid=true, Min=(X=670.151 Y=1120.151 Z=-289.849), Max=(X=1629.849 Y=2079.849 Z=669.849) RuntimeGrid:None EditorOnly:0 RuntimeOnly:0 HLODRelevant:0
 |   |   |- [+] [ 33]
 |   |   |   |- Guid:C0C56B9644AE3D40CAFF6A878DB29844 BaseClass: NativeClass:/Script/Engine.StaticMeshActor Name:StaticMeshActor_UAID_A4AE111137DC5EFB00_2001720423 Label:SM_SkySphere SpatiallyLoaded:0 Bounds:IsValid=true, Min=(X=-1638400.000 Y=-1638400.000 Z=-1638400.000), Max=(X=1638400.000 Y=1638400.000 Z=1638400.000) RuntimeGrid:None EditorOnly:0 RuntimeOnly:0 HLODRelevant:1 FolderPath:Lighting FolderGuid:0BA5F0A04EADB18E70D5B180D08FA34B
 |   |   |- [+] [ 34]
 |   |   |   |- Guid:6FEFB3BD4EB37B849EF0D4AC80F83855 BaseClass: NativeClass:/Script/Engine.WorldDataLayers Name:WorldDataLayers Label:WorldDataLayers SpatiallyLoaded:0 Bounds:IsValid=true, Min=(X=0.000 Y=0.000 Z=0.000), Max=(X=0.000 Y=0.000 Z=0.000) RuntimeGrid:None EditorOnly:0 RuntimeOnly:0 HLODRelevant:0
 |   |   |- [+] [ 35]
 |   |   |   |- Guid:B76467D94429F5FEE300D29980729C17 BaseClass: NativeClass:/Script/Engine.StaticMeshActor Name:StaticMeshActor_UAID_00D861C8244A9D7701_1929183459 Label:MainMonitorTEst SpatiallyLoaded:1 Bounds:IsValid=true, Min=(X=1240.000 Y=1280.000 Z=0.000), Max=(X=1240.000 Y=1280.000 Z=0.000) RuntimeGrid:None EditorOnly:0 RuntimeOnly:0 HLODRelevant:0
 |   |   |- [+] [ 36]
 |   |   |   |- Guid:9828BA774D7E3D9E449EAD847D1C3DFE BaseClass:/Game/Assets/props/Pickupables/Crate.Crate_C NativeClass:/Script/Engine.Actor Name:Crate_C_UAID_00D861C8244AC47701_1411281320 Label:Crate SpatiallyLoaded:1 Bounds:IsValid=true, Min=(X=1263.840 Y=1974.560 Z=-4.720), Max=(X=1316.160 Y=2025.440 Z=44.720) RuntimeGrid:None EditorOnly:0 RuntimeOnly:0 HLODRelevant:0
 |   |   |- [+] [ 37]
 |   |   |   |- Guid:CE8D82634660FCDB3120E2B8D547C533 BaseClass: NativeClass:/Script/Engine.PostProcessVolume Name:PostProcessVolume_0 Label:PostProcessVolume SpatiallyLoaded:0 Bounds:IsValid=true, Min=(X=0.000 Y=0.000 Z=400.000), Max=(X=200.000 Y=200.000 Z=600.000) RuntimeGrid:None EditorOnly:0 RuntimeOnly:0 HLODRelevant:0 FolderPath:Lighting FolderGuid:0BA5F0A04EADB18E70D5B180D08FA34B
 |   |   |- [+] [ 38]
 |   |   |   |- Guid:8559D1384B14F466E8927697A36C1D78 BaseClass: NativeClass:/Script/Engine.StaticMeshActor Name:StaticMeshActor_9 Label:SM_Cube5 SpatiallyLoaded:1 Bounds:IsValid=true, Min=(X=-0.000 Y=100.000 Z=0.000), Max=(X=100.000 Y=3400.000 Z=1500.000) RuntimeGrid:None EditorOnly:0 RuntimeOnly:0 HLODRelevant:0 FolderPath:Playground FolderGuid:6C02BB504B69D1F3D7A624B130C18E5B
 |- ContainerInstances:
 |- [+] MainContainer:
 |   |-        ID: 0x0000000000000000
 |   |-    Bounds: IsValid=false, Min=(X=0.000 Y=0.000 Z=0.000), Max=(X=0.000 Y=0.000 Z=0.000)
 |   |- Transform: 0.000000,0.000000,0.000000|0.000000,0.000000,-0.000000|1.000000,1.000000,1.000000
 |   |- Container: /Game/FirstPerson/Maps/FirstPersonMap
----------------------------------------------------------------------------------------------------------------
FirstPersonMap - Persistent Level
----------------------------------------------------------------------------------------------------------------
Always loaded Actor Count: 46 

----------------------------------------------------------------------------------------------------------------
FirstPersonMap - Runtime Spatial Hash - Streaming Grid - MainGrid
----------------------------------------------------------------------------------------------------------------
            Origin: X=0.000 Y=0.000 Z=0.000
         Cell Size: 12800
      World Bounds: IsValid=false, Min=(X=0.000 Y=0.000 Z=0.000), Max=(X=0.000 Y=0.000 Z=0.000)
     Loading Range: 25600.00
Block Slow Loading: No
 ClientOnlyVisible: No

[+] Grid Levels: 1
 |- Level  0: Cell Count    0 | Cell Size   12800 | Actor Count    0 (0.0%)

[+] Content of Grid Level 0

